"","SEQN","BMDSTATS","BMXWT","BMIWT","BMXRECUM","BMIRECUM","BMXHEAD","BMIHEAD","BMXHT","BMIHT","BMXBMI","BMXLEG","BMILEG","BMXCALF","BMICALF","BMXARML","BMIARML","BMXARMC","BMIARMC","BMXWAIST","BMIWAIST","BMXTHICR","BMITHICR","BMXTRI","BMITRI","BMXSUB","BMISUB"
"1",31127,1,10.2,NA,73.6,NA,NA,NA,NA,NA,NA,NA,NA,NA,NA,16,NA,15.5,NA,NA,NA,NA,NA,12.8,NA,10,NA
"2",31128,1,40.1,NA,NA,NA,NA,NA,151.6,NA,17.45,37.6,NA,29.3,NA,34.3,NA,21.7,NA,62.8,NA,39.5,NA,10.4,NA,8.4,NA
"3",31129,1,74.6,NA,NA,NA,NA,NA,167.7,NA,26.53,42.7,NA,40.6,NA,36.5,NA,32.6,NA,97.8,NA,55.9,NA,18.8,NA,17.6,NA
"4",31130,4,NA,NA,NA,NA,NA,NA,NA,NA,NA,NA,NA,NA,NA,NA,NA,NA,NA,NA,NA,NA,NA,NA,NA,NA,NA
"5",31131,3,75.2,NA,NA,NA,NA,NA,156,NA,30.9,38,NA,36.6,NA,35,NA,35.8,NA,96,NA,53.7,NA,NA,2,NA,1
"6",31132,1,69.5,NA,NA,NA,NA,NA,167.6,NA,24.74,40.4,NA,35.6,NA,37.5,NA,31.2,NA,96.5,NA,48,NA,10.4,NA,22.2,NA
"7",31133,1,45,NA,NA,NA,NA,NA,163.7,NA,16.79,39.2,NA,31.7,NA,35.8,NA,22.3,NA,62,NA,41.3,NA,6.8,NA,8.2,NA
"8",31134,1,101.9,NA,NA,NA,NA,NA,182.4,NA,30.63,41.5,NA,42.6,NA,42.7,NA,33,NA,117.1,NA,50.5,NA,13,NA,16,NA
"9",31135,1,10.5,NA,74.8,NA,NA,NA,NA,NA,NA,NA,NA,NA,NA,15.6,NA,16.7,NA,NA,NA,NA,NA,10.4,NA,10.4,NA
9951 BMX_D.csv
28
28
28
28
28
28
28
28
28
28
/n/n
